<?xml version="1.0" encoding="UTF-8"?>
<testsuite xmlns:xsi="http://www.w3.org/2001/XMLSchema-instance" xsi:noNamespaceSchemaLocation="https://maven.apache.org/surefire/maven-surefire-plugin/xsd/surefire-test-report-3.0.xsd" version="3.0" name="pl.meklas.enhance.util.RandomProviderTest" time="0.069" tests="10" errors="0" skipped="0" failures="0">
  <properties>
    <property name="java.specification.version" value="21"/>
    <property name="sun.jnu.encoding" value="UTF-8"/>
    <property name="java.class.path" value="/workspace/target/test-classes:/workspace/target/classes:/home/ubuntu/.m2/repository/io/papermc/paper/paper-api/1.20.6-R0.1-SNAPSHOT/paper-api-1.20.6-R0.1-SNAPSHOT.jar:/home/ubuntu/.m2/repository/com/mojang/brigadier/1.2.9/brigadier-1.2.9.jar:/home/ubuntu/.m2/repository/com/google/guava/guava/32.1.2-jre/guava-32.1.2-jre.jar:/home/ubuntu/.m2/repository/com/google/guava/failureaccess/1.0.1/failureaccess-1.0.1.jar:/home/ubuntu/.m2/repository/com/google/guava/listenablefuture/9999.0-empty-to-avoid-conflict-with-guava/listenablefuture-9999.0-empty-to-avoid-conflict-with-guava.jar:/home/ubuntu/.m2/repository/com/google/code/findbugs/jsr305/3.0.2/jsr305-3.0.2.jar:/home/ubuntu/.m2/repository/com/google/errorprone/error_prone_annotations/2.18.0/error_prone_annotations-2.18.0.jar:/home/ubuntu/.m2/repository/com/google/j2objc/j2objc-annotations/2.8/j2objc-annotations-2.8.jar:/home/ubuntu/.m2/repository/com/google/code/gson/gson/2.10.1/gson-2.10.1.jar:/home/ubuntu/.m2/repository/net/md-5/bungeecord-chat/1.20-R0.2-deprecated+build.18/bungeecord-chat-1.20-R0.2-deprecated+build.18.jar:/home/ubuntu/.m2/repository/org/yaml/snakeyaml/2.2/snakeyaml-2.2.jar:/home/ubuntu/.m2/repository/org/joml/joml/1.10.5/joml-1.10.5.jar:/home/ubuntu/.m2/repository/com/googlecode/json-simple/json-simple/1.1.1/json-simple-1.1.1.jar:/home/ubuntu/.m2/repository/it/unimi/dsi/fastutil/8.5.6/fastutil-8.5.6.jar:/home/ubuntu/.m2/repository/org/apache/logging/log4j/log4j-api/2.17.1/log4j-api-2.17.1.jar:/home/ubuntu/.m2/repository/org/slf4j/slf4j-api/2.0.9/slf4j-api-2.0.9.jar:/home/ubuntu/.m2/repository/org/apache/maven/maven-resolver-provider/3.9.6/maven-resolver-provider-3.9.6.jar:/home/ubuntu/.m2/repository/org/apache/maven/maven-model/3.9.6/maven-model-3.9.6.jar:/home/ubuntu/.m2/repository/org/apache/maven/maven-model-builder/3.9.6/maven-model-builder-3.9.6.jar:/home/ubuntu/.m2/repository/org/codehaus/plexus/plexus-interpolation/1.26/plexus-interpolation-1.26.jar:/home/ubuntu/.m2/repository/org/apache/maven/maven-artifact/3.9.6/maven-artifact-3.9.6.jar:/home/ubuntu/.m2/repository/org/apache/commons/commons-lang3/3.12.0/commons-lang3-3.12.0.jar:/home/ubuntu/.m2/repository/org/apache/maven/maven-builder-support/3.9.6/maven-builder-support-3.9.6.jar:/home/ubuntu/.m2/repository/org/eclipse/sisu/org.eclipse.sisu.inject/0.9.0.M2/org.eclipse.sisu.inject-0.9.0.M2.jar:/home/ubuntu/.m2/repository/org/apache/maven/maven-repository-metadata/3.9.6/maven-repository-metadata-3.9.6.jar:/home/ubuntu/.m2/repository/org/apache/maven/resolver/maven-resolver-api/1.9.18/maven-resolver-api-1.9.18.jar:/home/ubuntu/.m2/repository/org/apache/maven/resolver/maven-resolver-spi/1.9.18/maven-resolver-spi-1.9.18.jar:/home/ubuntu/.m2/repository/org/apache/maven/resolver/maven-resolver-util/1.9.18/maven-resolver-util-1.9.18.jar:/home/ubuntu/.m2/repository/org/apache/maven/resolver/maven-resolver-impl/1.9.18/maven-resolver-impl-1.9.18.jar:/home/ubuntu/.m2/repository/org/apache/maven/resolver/maven-resolver-named-locks/1.9.18/maven-resolver-named-locks-1.9.18.jar:/home/ubuntu/.m2/repository/org/codehaus/plexus/plexus-utils/3.5.1/plexus-utils-3.5.1.jar:/home/ubuntu/.m2/repository/javax/inject/javax.inject/1/javax.inject-1.jar:/home/ubuntu/.m2/repository/net/kyori/adventure-api/4.17.0/adventure-api-4.17.0.jar:/home/ubuntu/.m2/repository/net/kyori/adventure-key/4.17.0/adventure-key-4.17.0.jar:/home/ubuntu/.m2/repository/net/kyori/examination-api/1.3.0/examination-api-1.3.0.jar:/home/ubuntu/.m2/repository/net/kyori/examination-string/1.3.0/examination-string-1.3.0.jar:/home/ubuntu/.m2/repository/org/jetbrains/annotations/24.1.0/annotations-24.1.0.jar:/home/ubuntu/.m2/repository/net/kyori/adventure-text-minimessage/4.17.0/adventure-text-minimessage-4.17.0.jar:/home/ubuntu/.m2/repository/net/kyori/adventure-text-serializer-gson/4.17.0/adventure-text-serializer-gson-4.17.0.jar:/home/ubuntu/.m2/repository/net/kyori/adventure-text-serializer-json/4.17.0/adventure-text-serializer-json-4.17.0.jar:/home/ubuntu/.m2/repository/net/kyori/option/1.0.0/option-1.0.0.jar:/home/ubuntu/.m2/repository/com/google/auto/service/auto-service-annotations/1.1.1/auto-service-annotations-1.1.1.jar:/home/ubuntu/.m2/repository/net/kyori/adventure-text-serializer-legacy/4.17.0/adventure-text-serializer-legacy-4.17.0.jar:/home/ubuntu/.m2/repository/net/kyori/adventure-text-serializer-plain/4.17.0/adventure-text-serializer-plain-4.17.0.jar:/home/ubuntu/.m2/repository/net/kyori/adventure-text-logger-slf4j/4.17.0/adventure-text-logger-slf4j-4.17.0.jar:/home/ubuntu/.m2/repository/org/checkerframework/checker-qual/3.33.0/checker-qual-3.33.0.jar:/home/ubuntu/.m2/repository/org/ow2/asm/asm/9.7/asm-9.7.jar:/home/ubuntu/.m2/repository/org/ow2/asm/asm-commons/9.7/asm-commons-9.7.jar:/home/ubuntu/.m2/repository/org/ow2/asm/asm-tree/9.7/asm-tree-9.7.jar:/home/ubuntu/.m2/repository/com/github/MilkBowl/VaultAPI/1.7.1/VaultAPI-1.7.1.jar:/home/ubuntu/.m2/repository/org/junit/jupiter/junit-jupiter-api/5.10.0/junit-jupiter-api-5.10.0.jar:/home/ubuntu/.m2/repository/org/opentest4j/opentest4j/1.3.0/opentest4j-1.3.0.jar:/home/ubuntu/.m2/repository/org/junit/platform/junit-platform-commons/1.10.0/junit-platform-commons-1.10.0.jar:/home/ubuntu/.m2/repository/org/apiguardian/apiguardian-api/1.1.2/apiguardian-api-1.1.2.jar:/home/ubuntu/.m2/repository/org/junit/jupiter/junit-jupiter-engine/5.10.0/junit-jupiter-engine-5.10.0.jar:/home/ubuntu/.m2/repository/org/junit/platform/junit-platform-engine/1.10.0/junit-platform-engine-1.10.0.jar:/home/ubuntu/.m2/repository/org/mockito/mockito-core/5.5.0/mockito-core-5.5.0.jar:/home/ubuntu/.m2/repository/net/bytebuddy/byte-buddy/1.14.6/byte-buddy-1.14.6.jar:/home/ubuntu/.m2/repository/net/bytebuddy/byte-buddy-agent/1.14.6/byte-buddy-agent-1.14.6.jar:/home/ubuntu/.m2/repository/org/objenesis/objenesis/3.3/objenesis-3.3.jar:/home/ubuntu/.m2/repository/org/mockito/mockito-junit-jupiter/5.5.0/mockito-junit-jupiter-5.5.0.jar:"/>
    <property name="java.vm.vendor" value="Ubuntu"/>
    <property name="sun.arch.data.model" value="64"/>
    <property name="java.vendor.url" value="https://ubuntu.com/"/>
    <property name="os.name" value="Linux"/>
    <property name="java.vm.specification.version" value="21"/>
    <property name="sun.java.launcher" value="SUN_STANDARD"/>
    <property name="user.country" value="US"/>
    <property name="sun.boot.library.path" value="/usr/lib/jvm/java-21-openjdk-amd64/lib"/>
    <property name="sun.java.command" value="/workspace/target/surefire/surefirebooter-20250821170726279_3.jar /workspace/target/surefire 2025-08-21T17-07-26_236-jvmRun1 surefire-20250821170726279_1tmp surefire_0-20250821170726279_2tmp"/>
    <property name="jdk.debug" value="release"/>
    <property name="surefire.test.class.path" value="/workspace/target/test-classes:/workspace/target/classes:/home/ubuntu/.m2/repository/io/papermc/paper/paper-api/1.20.6-R0.1-SNAPSHOT/paper-api-1.20.6-R0.1-SNAPSHOT.jar:/home/ubuntu/.m2/repository/com/mojang/brigadier/1.2.9/brigadier-1.2.9.jar:/home/ubuntu/.m2/repository/com/google/guava/guava/32.1.2-jre/guava-32.1.2-jre.jar:/home/ubuntu/.m2/repository/com/google/guava/failureaccess/1.0.1/failureaccess-1.0.1.jar:/home/ubuntu/.m2/repository/com/google/guava/listenablefuture/9999.0-empty-to-avoid-conflict-with-guava/listenablefuture-9999.0-empty-to-avoid-conflict-with-guava.jar:/home/ubuntu/.m2/repository/com/google/code/findbugs/jsr305/3.0.2/jsr305-3.0.2.jar:/home/ubuntu/.m2/repository/com/google/errorprone/error_prone_annotations/2.18.0/error_prone_annotations-2.18.0.jar:/home/ubuntu/.m2/repository/com/google/j2objc/j2objc-annotations/2.8/j2objc-annotations-2.8.jar:/home/ubuntu/.m2/repository/com/google/code/gson/gson/2.10.1/gson-2.10.1.jar:/home/ubuntu/.m2/repository/net/md-5/bungeecord-chat/1.20-R0.2-deprecated+build.18/bungeecord-chat-1.20-R0.2-deprecated+build.18.jar:/home/ubuntu/.m2/repository/org/yaml/snakeyaml/2.2/snakeyaml-2.2.jar:/home/ubuntu/.m2/repository/org/joml/joml/1.10.5/joml-1.10.5.jar:/home/ubuntu/.m2/repository/com/googlecode/json-simple/json-simple/1.1.1/json-simple-1.1.1.jar:/home/ubuntu/.m2/repository/it/unimi/dsi/fastutil/8.5.6/fastutil-8.5.6.jar:/home/ubuntu/.m2/repository/org/apache/logging/log4j/log4j-api/2.17.1/log4j-api-2.17.1.jar:/home/ubuntu/.m2/repository/org/slf4j/slf4j-api/2.0.9/slf4j-api-2.0.9.jar:/home/ubuntu/.m2/repository/org/apache/maven/maven-resolver-provider/3.9.6/maven-resolver-provider-3.9.6.jar:/home/ubuntu/.m2/repository/org/apache/maven/maven-model/3.9.6/maven-model-3.9.6.jar:/home/ubuntu/.m2/repository/org/apache/maven/maven-model-builder/3.9.6/maven-model-builder-3.9.6.jar:/home/ubuntu/.m2/repository/org/codehaus/plexus/plexus-interpolation/1.26/plexus-interpolation-1.26.jar:/home/ubuntu/.m2/repository/org/apache/maven/maven-artifact/3.9.6/maven-artifact-3.9.6.jar:/home/ubuntu/.m2/repository/org/apache/commons/commons-lang3/3.12.0/commons-lang3-3.12.0.jar:/home/ubuntu/.m2/repository/org/apache/maven/maven-builder-support/3.9.6/maven-builder-support-3.9.6.jar:/home/ubuntu/.m2/repository/org/eclipse/sisu/org.eclipse.sisu.inject/0.9.0.M2/org.eclipse.sisu.inject-0.9.0.M2.jar:/home/ubuntu/.m2/repository/org/apache/maven/maven-repository-metadata/3.9.6/maven-repository-metadata-3.9.6.jar:/home/ubuntu/.m2/repository/org/apache/maven/resolver/maven-resolver-api/1.9.18/maven-resolver-api-1.9.18.jar:/home/ubuntu/.m2/repository/org/apache/maven/resolver/maven-resolver-spi/1.9.18/maven-resolver-spi-1.9.18.jar:/home/ubuntu/.m2/repository/org/apache/maven/resolver/maven-resolver-util/1.9.18/maven-resolver-util-1.9.18.jar:/home/ubuntu/.m2/repository/org/apache/maven/resolver/maven-resolver-impl/1.9.18/maven-resolver-impl-1.9.18.jar:/home/ubuntu/.m2/repository/org/apache/maven/resolver/maven-resolver-named-locks/1.9.18/maven-resolver-named-locks-1.9.18.jar:/home/ubuntu/.m2/repository/org/codehaus/plexus/plexus-utils/3.5.1/plexus-utils-3.5.1.jar:/home/ubuntu/.m2/repository/javax/inject/javax.inject/1/javax.inject-1.jar:/home/ubuntu/.m2/repository/net/kyori/adventure-api/4.17.0/adventure-api-4.17.0.jar:/home/ubuntu/.m2/repository/net/kyori/adventure-key/4.17.0/adventure-key-4.17.0.jar:/home/ubuntu/.m2/repository/net/kyori/examination-api/1.3.0/examination-api-1.3.0.jar:/home/ubuntu/.m2/repository/net/kyori/examination-string/1.3.0/examination-string-1.3.0.jar:/home/ubuntu/.m2/repository/org/jetbrains/annotations/24.1.0/annotations-24.1.0.jar:/home/ubuntu/.m2/repository/net/kyori/adventure-text-minimessage/4.17.0/adventure-text-minimessage-4.17.0.jar:/home/ubuntu/.m2/repository/net/kyori/adventure-text-serializer-gson/4.17.0/adventure-text-serializer-gson-4.17.0.jar:/home/ubuntu/.m2/repository/net/kyori/adventure-text-serializer-json/4.17.0/adventure-text-serializer-json-4.17.0.jar:/home/ubuntu/.m2/repository/net/kyori/option/1.0.0/option-1.0.0.jar:/home/ubuntu/.m2/repository/com/google/auto/service/auto-service-annotations/1.1.1/auto-service-annotations-1.1.1.jar:/home/ubuntu/.m2/repository/net/kyori/adventure-text-serializer-legacy/4.17.0/adventure-text-serializer-legacy-4.17.0.jar:/home/ubuntu/.m2/repository/net/kyori/adventure-text-serializer-plain/4.17.0/adventure-text-serializer-plain-4.17.0.jar:/home/ubuntu/.m2/repository/net/kyori/adventure-text-logger-slf4j/4.17.0/adventure-text-logger-slf4j-4.17.0.jar:/home/ubuntu/.m2/repository/org/checkerframework/checker-qual/3.33.0/checker-qual-3.33.0.jar:/home/ubuntu/.m2/repository/org/ow2/asm/asm/9.7/asm-9.7.jar:/home/ubuntu/.m2/repository/org/ow2/asm/asm-commons/9.7/asm-commons-9.7.jar:/home/ubuntu/.m2/repository/org/ow2/asm/asm-tree/9.7/asm-tree-9.7.jar:/home/ubuntu/.m2/repository/com/github/MilkBowl/VaultAPI/1.7.1/VaultAPI-1.7.1.jar:/home/ubuntu/.m2/repository/org/junit/jupiter/junit-jupiter-api/5.10.0/junit-jupiter-api-5.10.0.jar:/home/ubuntu/.m2/repository/org/opentest4j/opentest4j/1.3.0/opentest4j-1.3.0.jar:/home/ubuntu/.m2/repository/org/junit/platform/junit-platform-commons/1.10.0/junit-platform-commons-1.10.0.jar:/home/ubuntu/.m2/repository/org/apiguardian/apiguardian-api/1.1.2/apiguardian-api-1.1.2.jar:/home/ubuntu/.m2/repository/org/junit/jupiter/junit-jupiter-engine/5.10.0/junit-jupiter-engine-5.10.0.jar:/home/ubuntu/.m2/repository/org/junit/platform/junit-platform-engine/1.10.0/junit-platform-engine-1.10.0.jar:/home/ubuntu/.m2/repository/org/mockito/mockito-core/5.5.0/mockito-core-5.5.0.jar:/home/ubuntu/.m2/repository/net/bytebuddy/byte-buddy/1.14.6/byte-buddy-1.14.6.jar:/home/ubuntu/.m2/repository/net/bytebuddy/byte-buddy-agent/1.14.6/byte-buddy-agent-1.14.6.jar:/home/ubuntu/.m2/repository/org/objenesis/objenesis/3.3/objenesis-3.3.jar:/home/ubuntu/.m2/repository/org/mockito/mockito-junit-jupiter/5.5.0/mockito-junit-jupiter-5.5.0.jar:"/>
    <property name="sun.cpu.endian" value="little"/>
    <property name="user.home" value="/home/ubuntu"/>
    <property name="user.language" value="en"/>
    <property name="java.specification.vendor" value="Oracle Corporation"/>
    <property name="java.version.date" value="2025-04-15"/>
    <property name="java.home" value="/usr/lib/jvm/java-21-openjdk-amd64"/>
    <property name="file.separator" value="/"/>
    <property name="basedir" value="/workspace"/>
    <property name="java.vm.compressedOopsMode" value="Zero based"/>
    <property name="line.separator" value="&#10;"/>
    <property name="java.specification.name" value="Java Platform API Specification"/>
    <property name="java.vm.specification.vendor" value="Oracle Corporation"/>
    <property name="surefire.real.class.path" value="/workspace/target/surefire/surefirebooter-20250821170726279_3.jar"/>
    <property name="sun.management.compiler" value="HotSpot 64-Bit Tiered Compilers"/>
    <property name="java.runtime.version" value="21.0.7+6-Ubuntu-0ubuntu125.04"/>
    <property name="user.name" value="ubuntu"/>
    <property name="stdout.encoding" value="UTF-8"/>
    <property name="path.separator" value=":"/>
    <property name="os.version" value="6.1.147"/>
    <property name="java.runtime.name" value="OpenJDK Runtime Environment"/>
    <property name="file.encoding" value="UTF-8"/>
    <property name="java.vm.name" value="OpenJDK 64-Bit Server VM"/>
    <property name="localRepository" value="/home/ubuntu/.m2/repository"/>
    <property name="java.vendor.url.bug" value="https://bugs.launchpad.net/ubuntu/+source/openjdk-21"/>
    <property name="java.io.tmpdir" value="/tmp"/>
    <property name="java.version" value="21.0.7"/>
    <property name="user.dir" value="/workspace"/>
    <property name="os.arch" value="amd64"/>
    <property name="java.vm.specification.name" value="Java Virtual Machine Specification"/>
    <property name="native.encoding" value="UTF-8"/>
    <property name="java.library.path" value="/usr/java/packages/lib:/usr/lib/x86_64-linux-gnu/jni:/lib/x86_64-linux-gnu:/usr/lib/x86_64-linux-gnu:/usr/lib/jni:/lib:/usr/lib"/>
    <property name="java.vm.info" value="mixed mode, sharing"/>
    <property name="stderr.encoding" value="UTF-8"/>
    <property name="java.vendor" value="Ubuntu"/>
    <property name="java.vm.version" value="21.0.7+6-Ubuntu-0ubuntu125.04"/>
    <property name="sun.io.unicode.encoding" value="UnicodeLittle"/>
    <property name="java.class.version" value="65.0"/>
  </properties>
  <testcase name="testNextIntRangeInvalid" classname="pl.meklas.enhance.util.RandomProviderTest" time="0.015"/>
  <testcase name="testSingleton" classname="pl.meklas.enhance.util.RandomProviderTest" time="0.001"/>
  <testcase name="testNextDoubleRange" classname="pl.meklas.enhance.util.RandomProviderTest" time="0.003"/>
  <testcase name="testRollSuccessAlwaysFalse" classname="pl.meklas.enhance.util.RandomProviderTest" time="0.0"/>
  <testcase name="testRollSuccessDistribution" classname="pl.meklas.enhance.util.RandomProviderTest" time="0.017"/>
  <testcase name="testNextIntRange" classname="pl.meklas.enhance.util.RandomProviderTest" time="0.001"/>
  <testcase name="testRollSuccessAlwaysTrue" classname="pl.meklas.enhance.util.RandomProviderTest" time="0.001"/>
  <testcase name="testNextInt" classname="pl.meklas.enhance.util.RandomProviderTest" time="0.001"/>
  <testcase name="testNextIntRangeEqual" classname="pl.meklas.enhance.util.RandomProviderTest" time="0.001"/>
  <testcase name="testNextDouble" classname="pl.meklas.enhance.util.RandomProviderTest" time="0.002"/>
</testsuite>